Building DAG of jobs...
Using shell: /usr/bin/bash
Provided cores: 1
Rules claiming more threads will be scaled down.
Job counts:
	count	jobs
	1	fit_coculture_curves
	1

[Mon Jun 29 17:46:17 2020]
rule fit_coculture_curves:
    input: results/monoculture_parameters.csv, data/normalized/32C.csv, data/normalized/34C.csv, data/normalized/36C.csv, data/normalized/38C.csv, data/normalized/40C.csv
    output: results/coculture/fit_coculture_aij_-0.0_aji_0.6.csv
    jobid: 0
    wildcards: aij=-0.0, aji=0.6

── Attaching packages ─────────────────────────────────────── tidyverse 1.3.0 ──
✔ ggplot2 3.3.2     ✔ purrr   0.3.4
✔ tibble  3.0.1     ✔ dplyr   1.0.0
✔ tidyr   1.1.0     ✔ stringr 1.4.0
✔ readr   1.3.1     ✔ forcats 0.5.0
── Conflicts ────────────────────────────────────────── tidyverse_conflicts() ──
✖ dplyr::filter() masks stats::filter()
✖ dplyr::lag()    masks stats::lag()

********************************************************
Note: As of version 1.0.0, cowplot does not change the
  default ggplot2 theme anymore. To recover the previous
  behavior, execute:
  theme_set(theme_cowplot())
********************************************************

Parsed with column specification:
cols(
  temp = col_character(),
  ec_k = col_double(),
  ec_r = col_double(),
  pp_k = col_double(),
  pp_r = col_double(),
  ecco_k = col_double(),
  ecco_n0 = col_double(),
  ppco_k = col_double(),
  ppco_n0 = col_double()
)
Parsed with column specification:
cols(
  Time = col_double(),
  Temp = col_double(),
  EC1 = col_double(),
  EC2 = col_double(),
  EC3 = col_double(),
  ECco1 = col_double(),
  ECco2 = col_double(),
  ECco3 = col_double(),
  PPco1 = col_double(),
  PPco2 = col_double(),
  PPco3 = col_double(),
  PP1 = col_double(),
  PP2 = col_double(),
  PP3 = col_double()
)
The following objects are masked from temp_params (pos = 3):

    ec_k, ec_r, ecco_k, ecco_n0, pp_k, pp_r, ppco_k, ppco_n0, temp

Parsed with column specification:
cols(
  Time = col_double(),
  Temp = col_double(),
  EC1 = col_double(),
  EC2 = col_double(),
  EC3 = col_double(),
  ECco1 = col_double(),
  ECco2 = col_double(),
  ECco3 = col_double(),
  PPco1 = col_double(),
  PPco2 = col_double(),
  PPco3 = col_double(),
  PP1 = col_double(),
  PP2 = col_double(),
  PP3 = col_double()
)
The following objects are masked from temp_params (pos = 3):

    ec_k, ec_r, ecco_k, ecco_n0, pp_k, pp_r, ppco_k, ppco_n0, temp

The following objects are masked from temp_params (pos = 4):

    ec_k, ec_r, ecco_k, ecco_n0, pp_k, pp_r, ppco_k, ppco_n0, temp

Parsed with column specification:
cols(
  Time = col_double(),
  Temp = col_double(),
  EC1 = col_double(),
  EC2 = col_double(),
  EC3 = col_double(),
  ECco1 = col_double(),
  ECco2 = col_double(),
  ECco3 = col_double(),
  PPco1 = col_double(),
  PPco2 = col_double(),
  PPco3 = col_double(),
  PP1 = col_double(),
  PP2 = col_double(),
  PP3 = col_double()
)
The following objects are masked from temp_params (pos = 3):

    ec_k, ec_r, ecco_k, ecco_n0, pp_k, pp_r, ppco_k, ppco_n0, temp

The following objects are masked from temp_params (pos = 4):

    ec_k, ec_r, ecco_k, ecco_n0, pp_k, pp_r, ppco_k, ppco_n0, temp

The following objects are masked from temp_params (pos = 5):

    ec_k, ec_r, ecco_k, ecco_n0, pp_k, pp_r, ppco_k, ppco_n0, temp

Parsed with column specification:
cols(
  Time = col_double(),
  Temp = col_double(),
  EC1 = col_double(),
  EC2 = col_double(),
  EC3 = col_double(),
  ECco1 = col_double(),
  ECco2 = col_double(),
  ECco3 = col_double(),
  PPco1 = col_double(),
  PPco2 = col_double(),
  PPco3 = col_double(),
  PP1 = col_double(),
  PP2 = col_double(),
  PP3 = col_double()
)
The following objects are masked from temp_params (pos = 3):

    ec_k, ec_r, ecco_k, ecco_n0, pp_k, pp_r, ppco_k, ppco_n0, temp

The following objects are masked from temp_params (pos = 4):

    ec_k, ec_r, ecco_k, ecco_n0, pp_k, pp_r, ppco_k, ppco_n0, temp

The following objects are masked from temp_params (pos = 5):

    ec_k, ec_r, ecco_k, ecco_n0, pp_k, pp_r, ppco_k, ppco_n0, temp

The following objects are masked from temp_params (pos = 6):

    ec_k, ec_r, ecco_k, ecco_n0, pp_k, pp_r, ppco_k, ppco_n0, temp

Parsed with column specification:
cols(
  Time = col_double(),
  Temp = col_double(),
  EC1 = col_double(),
  EC2 = col_double(),
  EC3 = col_double(),
  ECco1 = col_double(),
  ECco2 = col_double(),
  ECco3 = col_double(),
  PPco1 = col_double(),
  PPco2 = col_double(),
  PPco3 = col_double(),
  PP1 = col_double(),
  PP2 = col_double(),
  PP3 = col_double()
)
Saving 7 x 7 in image
Warning message:
In as_grob.default(plot) : Cannot convert object of class list into a grob.
[Mon Jun 29 17:46:55 2020]
Finished job 0.
1 of 1 steps (100%) done
